<?xml version="1.0" encoding="UTF-8"?>
<testng-results ignored="0" total="1" passed="1" failed="0" skipped="0">
  <reporter-output>
  </reporter-output>
  <suite started-at="2022-08-06T21:47:16 EDT" name="Default suite" finished-at="2022-08-06T21:47:32 EDT" duration-ms="16038">
    <groups>
    </groups>
    <test started-at="2022-08-06T21:47:16 EDT" name="Default test" finished-at="2022-08-06T21:47:32 EDT" duration-ms="16038">
      <class name="com.myweb.mywebTest">
        <test-method signature="Test1()[pri:0, instance:com.myweb.mywebTest@4facf68f]" started-at="2022-08-06T21:47:16 EDT" name="Test1" finished-at="2022-08-06T21:47:32 EDT" duration-ms="15946" status="PASS">
          <reporter-output>
          </reporter-output>
        </test-method> <!-- Test1 -->
      </class> <!-- com.myweb.mywebTest -->
    </test> <!-- Default test -->
  </suite> <!-- Default suite -->
</testng-results>
